  Source.cpp
C:\Users\jason\source\repos\OpenCV-ZBar-ZXing\OpenCV-ZBar-ZXing\OpenCV-ZBar-ZXing\Source.cpp(267,22): warning C4267: 'initializing': conversion from 'size_t' to 'int', possible loss of data
C:\Users\jason\source\repos\OpenCV-ZBar-ZXing\OpenCV-ZBar-ZXing\OpenCV-ZBar-ZXing\Source.cpp(332,53): warning C4244: 'argument': conversion from 'float' to '_Tp', possible loss of data
          with
          [
              _Tp=int
          ]
C:\Users\jason\source\repos\OpenCV-ZBar-ZXing\OpenCV-ZBar-ZXing\OpenCV-ZBar-ZXing\Source.cpp(332,32): warning C4244: 'argument': conversion from 'float' to '_Tp', possible loss of data
          with
          [
              _Tp=int
          ]
C:\Users\jason\Desktop\vcpkg\installed\x64-windows\include\zxing\common\Array.h(73,1): warning C4267: 'return': conversion from 'size_t' to 'int', possible loss of data
C:\Users\jason\Desktop\vcpkg\installed\x64-windows\include\zxing\common\Array.h(72): message : while compiling class template member function 'int zxing::Array<T>::size(void) const'
          with
          [
              T=zxing::Ref<zxing::ResultPoint>
          ]
C:\Users\jason\source\repos\OpenCV-ZBar-ZXing\OpenCV-ZBar-ZXing\OpenCV-ZBar-ZXing\Source.cpp(389): message : see reference to function template instantiation 'int zxing::Array<T>::size(void) const' being compiled
          with
          [
              T=zxing::Ref<zxing::ResultPoint>
          ]
C:\Users\jason\source\repos\OpenCV-ZBar-ZXing\OpenCV-ZBar-ZXing\OpenCV-ZBar-ZXing\Source.cpp(389): message : see reference to class template instantiation 'zxing::Array<T>' being compiled
          with
          [
              T=zxing::Ref<zxing::ResultPoint>
          ]
  Generating code
  132 of 175 functions (75.4%) were compiled, the rest were copied from previous compilation.
    0 functions were new in current compilation
    10 functions had inline decision re-evaluated but remain unchanged
  Finished generating code
  OpenCV-ZBar-ZXing.vcxproj -> C:\Users\jason\source\repos\OpenCV-ZBar-ZXing\OpenCV-ZBar-ZXing\x64\Release\OpenCV-ZBar-ZXing.exe
